                                      1 ;--------------------------------------------------------
                                      2 ; File Created by SDCC : free open source ANSI-C Compiler
                                      3 ; Version 4.2.0 #13081 (Linux)
                                      4 ;--------------------------------------------------------
                                      5 	.module input
                                      6 	.optsdcc -mstm8
                                      7 	
                                      8 ;--------------------------------------------------------
                                      9 ; Public variables in this module
                                     10 ;--------------------------------------------------------
                                     11 	.globl _main
                                     12 	.globl _button_pressed
                                     13 ;--------------------------------------------------------
                                     14 ; ram data
                                     15 ;--------------------------------------------------------
                                     16 	.area DATA
      000000                         17 _button_pressed_last_state_65536_5:
      000000                         18 	.ds 8
                                     19 ;--------------------------------------------------------
                                     20 ; ram data
                                     21 ;--------------------------------------------------------
                                     22 	.area INITIALIZED
                                     23 ;--------------------------------------------------------
                                     24 ; Stack segment in internal ram
                                     25 ;--------------------------------------------------------
                                     26 	.area	SSEG
      000000                         27 __start__stack:
      000000                         28 	.ds	1
                                     29 
                                     30 ;--------------------------------------------------------
                                     31 ; absolute external ram data
                                     32 ;--------------------------------------------------------
                                     33 	.area DABS (ABS)
                                     34 
                                     35 ; default segment ordering for linker
                                     36 	.area HOME
                                     37 	.area GSINIT
                                     38 	.area GSFINAL
                                     39 	.area CONST
                                     40 	.area INITIALIZER
                                     41 	.area CODE
                                     42 
                                     43 ;--------------------------------------------------------
                                     44 ; interrupt vector
                                     45 ;--------------------------------------------------------
                                     46 	.area HOME
      000000                         47 __interrupt_vect:
      000000 82v00u00u00             48 	int s_GSINIT ; reset
                                     49 ;--------------------------------------------------------
                                     50 ; global & static initialisations
                                     51 ;--------------------------------------------------------
                                     52 	.area HOME
                                     53 	.area GSINIT
                                     54 	.area GSFINAL
                                     55 	.area GSINIT
      000000                         56 __sdcc_init_data:
                                     57 ; stm8_genXINIT() start
      000000 AEr00r00         [ 2]   58 	ldw x, #l_DATA
      000003 27 07            [ 1]   59 	jreq	00002$
      000005                         60 00001$:
      000005 72 4FuFFuFF      [ 1]   61 	clr (s_DATA - 1, x)
      000009 5A               [ 2]   62 	decw x
      00000A 26 F9            [ 1]   63 	jrne	00001$
      00000C                         64 00002$:
      00000C AEr00r00         [ 2]   65 	ldw	x, #l_INITIALIZER
      00000F 27 09            [ 1]   66 	jreq	00004$
      000011                         67 00003$:
      000011 D6uFFuFF         [ 1]   68 	ld	a, (s_INITIALIZER - 1, x)
      000014 D7uFFuFF         [ 1]   69 	ld	(s_INITIALIZED - 1, x), a
      000017 5A               [ 2]   70 	decw	x
      000018 26 F7            [ 1]   71 	jrne	00003$
      00001A                         72 00004$:
                                     73 ; stm8_genXINIT() end
                                     74 ;	input.c: 13: static uint8_t last_state[8] = {0x00};  // Mémorise les derniers états (1 = repos, car pull-up active)
      00001A 35 00u00u00      [ 1]   75 	mov	_button_pressed_last_state_65536_5+0, #0x00
      00001E 35 00u00u01      [ 1]   76 	mov	_button_pressed_last_state_65536_5+1, #0x00
      000022 35 00u00u02      [ 1]   77 	mov	_button_pressed_last_state_65536_5+2, #0x00
      000026 35 00u00u03      [ 1]   78 	mov	_button_pressed_last_state_65536_5+3, #0x00
      00002A 35 00u00u04      [ 1]   79 	mov	_button_pressed_last_state_65536_5+4, #0x00
      00002E 35 00u00u05      [ 1]   80 	mov	_button_pressed_last_state_65536_5+5, #0x00
      000032 35 00u00u06      [ 1]   81 	mov	_button_pressed_last_state_65536_5+6, #0x00
      000036 35 00u00u07      [ 1]   82 	mov	_button_pressed_last_state_65536_5+7, #0x00
                                     83 	.area GSFINAL
      000000 CCr00r04         [ 2]   84 	jp	__sdcc_program_startup
                                     85 ;--------------------------------------------------------
                                     86 ; Home
                                     87 ;--------------------------------------------------------
                                     88 	.area HOME
                                     89 	.area HOME
      000004                         90 __sdcc_program_startup:
      000004 CCr00rCF         [ 2]   91 	jp	_main
                                     92 ;	return from main will return to caller
                                     93 ;--------------------------------------------------------
                                     94 ; code
                                     95 ;--------------------------------------------------------
                                     96 	.area CODE
                                     97 ;	input.c: 5: static inline void delay_ms(uint16_t ms) {
                                     98 ;	-----------------------------------------
                                     99 ;	 function delay_ms
                                    100 ;	-----------------------------------------
      000000                        101 _delay_ms:
      000000 52 0A            [ 2]  102 	sub	sp, #10
      000002 1F 05            [ 2]  103 	ldw	(0x05, sp), x
                                    104 ;	input.c: 7: for (i = 0; i < ((F_CPU / 18000UL) * ms); i++)
      000004 5F               [ 1]  105 	clrw	x
      000005 1F 09            [ 2]  106 	ldw	(0x09, sp), x
      000007 1F 07            [ 2]  107 	ldw	(0x07, sp), x
      000009                        108 00103$:
      000009 1E 05            [ 2]  109 	ldw	x, (0x05, sp)
      00000B 89               [ 2]  110 	pushw	x
      00000C AE 03 78         [ 2]  111 	ldw	x, #0x0378
      00000F CDr00r00         [ 4]  112 	call	___muluint2ulong
      000012 5B 02            [ 2]  113 	addw	sp, #2
      000014 1F 03            [ 2]  114 	ldw	(0x03, sp), x
      000016 17 01            [ 2]  115 	ldw	(0x01, sp), y
      000018 1E 09            [ 2]  116 	ldw	x, (0x09, sp)
      00001A 13 03            [ 2]  117 	cpw	x, (0x03, sp)
      00001C 7B 08            [ 1]  118 	ld	a, (0x08, sp)
      00001E 12 02            [ 1]  119 	sbc	a, (0x02, sp)
      000020 7B 07            [ 1]  120 	ld	a, (0x07, sp)
      000022 12 01            [ 1]  121 	sbc	a, (0x01, sp)
      000024 24 0F            [ 1]  122 	jrnc	00105$
                                    123 ;	input.c: 8: __asm__("nop");         // Instruction vide pour consommer du temps
      000026 9D               [ 1]  124 	nop
                                    125 ;	input.c: 7: for (i = 0; i < ((F_CPU / 18000UL) * ms); i++)
      000027 1E 09            [ 2]  126 	ldw	x, (0x09, sp)
      000029 5C               [ 1]  127 	incw	x
      00002A 1F 09            [ 2]  128 	ldw	(0x09, sp), x
      00002C 26 DB            [ 1]  129 	jrne	00103$
      00002E 1E 07            [ 2]  130 	ldw	x, (0x07, sp)
      000030 5C               [ 1]  131 	incw	x
      000031 1F 07            [ 2]  132 	ldw	(0x07, sp), x
      000033 20 D4            [ 2]  133 	jra	00103$
      000035                        134 00105$:
                                    135 ;	input.c: 9: }
      000035 5B 0A            [ 2]  136 	addw	sp, #10
      000037 81               [ 4]  137 	ret
                                    138 ;	input.c: 12: int8_t button_pressed(volatile uint8_t* idr, uint8_t pin) {
                                    139 ;	-----------------------------------------
                                    140 ;	 function button_pressed
                                    141 ;	-----------------------------------------
      000038                        142 _button_pressed:
      000038 52 0E            [ 2]  143 	sub	sp, #14
      00003A 1F 0D            [ 2]  144 	ldw	(0x0d, sp), x
      00003C 90 97            [ 1]  145 	ld	yl, a
                                    146 ;	input.c: 14: uint8_t current_state = *idr & (1 << pin);  // Lecture du bit correspondant au bouton
      00003E 1E 0D            [ 2]  147 	ldw	x, (0x0d, sp)
      000040 1F 01            [ 2]  148 	ldw	(0x01, sp), x
      000042 F6               [ 1]  149 	ld	a, (x)
      000043 93               [ 1]  150 	ldw	x, y
      000044 88               [ 1]  151 	push	a
      000045 A6 01            [ 1]  152 	ld	a, #0x01
      000047 6B 04            [ 1]  153 	ld	(0x04, sp), a
      000049 9F               [ 1]  154 	ld	a, xl
      00004A 4D               [ 1]  155 	tnz	a
      00004B 27 05            [ 1]  156 	jreq	00141$
      00004D                        157 00140$:
      00004D 08 04            [ 1]  158 	sll	(0x04, sp)
      00004F 4A               [ 1]  159 	dec	a
      000050 26 FB            [ 1]  160 	jrne	00140$
      000052                        161 00141$:
      000052 84               [ 1]  162 	pop	a
      000053 14 03            [ 1]  163 	and	a, (0x03, sp)
      000055 6B 04            [ 1]  164 	ld	(0x04, sp), a
                                    165 ;	input.c: 17: if (current_state != (last_state[pin] & (1 << pin))) {
      000057 5F               [ 1]  166 	clrw	x
      000058 41               [ 1]  167 	exg	a, xl
      000059 90 9F            [ 1]  168 	ld	a, yl
      00005B 41               [ 1]  169 	exg	a, xl
      00005C 1Cr00r00         [ 2]  170 	addw	x, #(_button_pressed_last_state_65536_5+0)
      00005F 1F 05            [ 2]  171 	ldw	(0x05, sp), x
      000061 F6               [ 1]  172 	ld	a, (x)
      000062 6B 0C            [ 1]  173 	ld	(0x0c, sp), a
      000064 5F               [ 1]  174 	clrw	x
      000065 5C               [ 1]  175 	incw	x
      000066 1F 07            [ 2]  176 	ldw	(0x07, sp), x
      000068 90 9F            [ 1]  177 	ld	a, yl
      00006A 4D               [ 1]  178 	tnz	a
      00006B 27 07            [ 1]  179 	jreq	00143$
      00006D                        180 00142$:
      00006D 08 08            [ 1]  181 	sll	(0x08, sp)
      00006F 09 07            [ 1]  182 	rlc	(0x07, sp)
      000071 4A               [ 1]  183 	dec	a
      000072 26 F9            [ 1]  184 	jrne	00142$
      000074                        185 00143$:
      000074 7B 0C            [ 1]  186 	ld	a, (0x0c, sp)
      000076 6B 0A            [ 1]  187 	ld	(0x0a, sp), a
      000078 0F 09            [ 1]  188 	clr	(0x09, sp)
      00007A 7B 0A            [ 1]  189 	ld	a, (0x0a, sp)
      00007C 14 08            [ 1]  190 	and	a, (0x08, sp)
      00007E 6B 0C            [ 1]  191 	ld	(0x0c, sp), a
      000080 7B 09            [ 1]  192 	ld	a, (0x09, sp)
      000082 14 07            [ 1]  193 	and	a, (0x07, sp)
      000084 6B 0B            [ 1]  194 	ld	(0x0b, sp), a
      000086 7B 04            [ 1]  195 	ld	a, (0x04, sp)
      000088 6B 0A            [ 1]  196 	ld	(0x0a, sp), a
      00008A 0F 09            [ 1]  197 	clr	(0x09, sp)
      00008C 1E 09            [ 2]  198 	ldw	x, (0x09, sp)
      00008E 13 0B            [ 2]  199 	cpw	x, (0x0b, sp)
      000090 27 39            [ 1]  200 	jreq	00106$
                                    201 ;	input.c: 7: for (i = 0; i < ((F_CPU / 18000UL) * ms); i++)
      000092 90 5F            [ 1]  202 	clrw	y
      000094 5F               [ 1]  203 	clrw	x
      000095 1F 07            [ 2]  204 	ldw	(0x07, sp), x
      000097                        205 00110$:
      000097 90 A3 11 58      [ 2]  206 	cpw	y, #0x1158
      00009B 7B 08            [ 1]  207 	ld	a, (0x08, sp)
      00009D A2 00            [ 1]  208 	sbc	a, #0x00
      00009F 7B 07            [ 1]  209 	ld	a, (0x07, sp)
      0000A1 A2 00            [ 1]  210 	sbc	a, #0x00
      0000A3 24 0C            [ 1]  211 	jrnc	00108$
                                    212 ;	input.c: 8: __asm__("nop");         // Instruction vide pour consommer du temps
      0000A5 9D               [ 1]  213 	nop
                                    214 ;	input.c: 7: for (i = 0; i < ((F_CPU / 18000UL) * ms); i++)
      0000A6 90 5C            [ 1]  215 	incw	y
      0000A8 26 ED            [ 1]  216 	jrne	00110$
      0000AA 1E 07            [ 2]  217 	ldw	x, (0x07, sp)
      0000AC 5C               [ 1]  218 	incw	x
      0000AD 1F 07            [ 2]  219 	ldw	(0x07, sp), x
      0000AF 20 E6            [ 2]  220 	jra	00110$
                                    221 ;	input.c: 18: delay_ms(5);  // Pause pour laisser passer les rebonds
      0000B1                        222 00108$:
                                    223 ;	input.c: 19: current_state = *idr & (1 << pin);  // Relire après stabilisation
      0000B1 1E 01            [ 2]  224 	ldw	x, (0x01, sp)
      0000B3 F6               [ 1]  225 	ld	a, (x)
      0000B4 14 03            [ 1]  226 	and	a, (0x03, sp)
                                    227 ;	input.c: 22: if (current_state != (last_state[pin] & (1 << pin))) {
      0000B6 6B 0A            [ 1]  228 	ld	(0x0a, sp), a
      0000B8 5F               [ 1]  229 	clrw	x
      0000B9 97               [ 1]  230 	ld	xl, a
      0000BA 13 0B            [ 2]  231 	cpw	x, (0x0b, sp)
      0000BC 27 0D            [ 1]  232 	jreq	00106$
                                    233 ;	input.c: 23: last_state[pin] = *idr;         // Mémoriser le nouvel état
      0000BE 1E 01            [ 2]  234 	ldw	x, (0x01, sp)
      0000C0 F6               [ 1]  235 	ld	a, (x)
      0000C1 1E 05            [ 2]  236 	ldw	x, (0x05, sp)
      0000C3 F7               [ 1]  237 	ld	(x), a
                                    238 ;	input.c: 24: if (!(current_state)) {         // Si le niveau est bas (appui)
      0000C4 0D 0A            [ 1]  239 	tnz	(0x0a, sp)
      0000C6 26 03            [ 1]  240 	jrne	00106$
                                    241 ;	input.c: 25: return 1;                   // Retourner 1 : bouton pressé
      0000C8 A6 01            [ 1]  242 	ld	a, #0x01
                                    243 ;	input.c: 30: return 0;  // Aucun appui détecté
      0000CA 21                     244 	.byte 0x21
      0000CB                        245 00106$:
      0000CB 4F               [ 1]  246 	clr	a
      0000CC                        247 00112$:
                                    248 ;	input.c: 31: }
      0000CC 5B 0E            [ 2]  249 	addw	sp, #14
      0000CE 81               [ 4]  250 	ret
                                    251 ;	input.c: 33: void main() {
                                    252 ;	-----------------------------------------
                                    253 ;	 function main
                                    254 ;	-----------------------------------------
      0000CF                        255 _main:
                                    256 ;	input.c: 35: PD_DDR |= (1 << 3);      // Direction : sortie
      0000CF 72 16 50 11      [ 1]  257 	bset	0x5011, #3
                                    258 ;	input.c: 36: PD_CR1 |= (1 << 3);      // Sortie push-pull
      0000D3 72 16 50 12      [ 1]  259 	bset	0x5012, #3
                                    260 ;	input.c: 41: PA_DDR &= ~(1 << 3);    // PA3 en entrée
      0000D7 72 17 50 02      [ 1]  261 	bres	0x5002, #3
                                    262 ;	input.c: 42: PA_CR1 |= (1 << 3);     // Pull-up interne activée
      0000DB 72 16 50 03      [ 1]  263 	bset	0x5003, #3
                                    264 ;	input.c: 45: while (1) {
      0000DF                        265 00104$:
                                    266 ;	input.c: 46: if (button_pressed(&PA_IDR, 3)) {   // Si le bouton est pressé (PA3 à 0)
      0000DF A6 03            [ 1]  267 	ld	a, #0x03
      0000E1 AE 50 01         [ 2]  268 	ldw	x, #0x5001
      0000E4 CDr00r38         [ 4]  269 	call	_button_pressed
      0000E7 4D               [ 1]  270 	tnz	a
      0000E8 27 F5            [ 1]  271 	jreq	00104$
                                    272 ;	input.c: 47: PD_ODR ^= (1 << 3);             // Inverser l’état de la LED sur PB5
      0000EA 90 16 50 0F      [ 1]  273 	bcpl	0x500f, #3
      0000EE 20 EF            [ 2]  274 	jra	00104$
                                    275 ;	input.c: 50: }
      0000F0 81               [ 4]  276 	ret
                                    277 	.area CODE
                                    278 	.area CONST
                                    279 	.area INITIALIZER
                                    280 	.area CABS (ABS)
